<?xml version="1.0" encoding="UTF-8"?>
<testsuite xmlns:xsi="http://www.w3.org/2001/XMLSchema-instance" xsi:noNamespaceSchemaLocation="https://maven.apache.org/surefire/maven-surefire-plugin/xsd/surefire-test-report-3.0.xsd" version="3.0" name="model.QuestionTest" time="0.031" tests="5" errors="0" skipped="0" failures="0">
  <properties>
    <property name="java.specification.version" value="19"/>
    <property name="sun.cpu.isalist" value="amd64"/>
    <property name="sun.jnu.encoding" value="Cp1252"/>
    <property name="java.class.path" value="C:\Users\mouns\Bachelorarbeit_Projekt\Projekt\ExamBuilder\target\test-classes;C:\Users\mouns\Bachelorarbeit_Projekt\Projekt\ExamBuilder\target\classes;C:\Users\mouns\.m2\repository\org\openjfx\javafx-controls\19\javafx-controls-19.jar;C:\Users\mouns\.m2\repository\org\openjfx\javafx-controls\19\javafx-controls-19-win.jar;C:\Users\mouns\.m2\repository\org\openjfx\javafx-graphics\19\javafx-graphics-19.jar;C:\Users\mouns\.m2\repository\org\openjfx\javafx-graphics\19\javafx-graphics-19-win.jar;C:\Users\mouns\.m2\repository\org\openjfx\javafx-base\19\javafx-base-19.jar;C:\Users\mouns\.m2\repository\org\openjfx\javafx-base\19\javafx-base-19-win.jar;C:\Users\mouns\.m2\repository\org\openjfx\javafx-fxml\19\javafx-fxml-19.jar;C:\Users\mouns\.m2\repository\org\openjfx\javafx-fxml\19\javafx-fxml-19-win.jar;C:\Users\mouns\.m2\repository\org\controlsfx\controlsfx\11.1.2\controlsfx-11.1.2.jar;C:\Users\mouns\.m2\repository\org\apache\poi\poi-ooxml\5.2.2\poi-ooxml-5.2.2.jar;C:\Users\mouns\.m2\repository\org\apache\poi\poi\5.2.2\poi-5.2.2.jar;C:\Users\mouns\.m2\repository\commons-codec\commons-codec\1.15\commons-codec-1.15.jar;C:\Users\mouns\.m2\repository\org\apache\commons\commons-math3\3.6.1\commons-math3-3.6.1.jar;C:\Users\mouns\.m2\repository\com\zaxxer\SparseBitSet\1.2\SparseBitSet-1.2.jar;C:\Users\mouns\.m2\repository\org\apache\poi\poi-ooxml-lite\5.2.2\poi-ooxml-lite-5.2.2.jar;C:\Users\mouns\.m2\repository\org\apache\xmlbeans\xmlbeans\5.0.3\xmlbeans-5.0.3.jar;C:\Users\mouns\.m2\repository\org\apache\commons\commons-compress\1.21\commons-compress-1.21.jar;C:\Users\mouns\.m2\repository\commons-io\commons-io\2.11.0\commons-io-2.11.0.jar;C:\Users\mouns\.m2\repository\com\github\virtuald\curvesapi\1.07\curvesapi-1.07.jar;C:\Users\mouns\.m2\repository\org\apache\commons\commons-collections4\4.4\commons-collections4-4.4.jar;C:\Users\mouns\.m2\repository\com\fasterxml\jackson\core\jackson-databind\2.13.3\jackson-databind-2.13.3.jar;C:\Users\mouns\.m2\repository\com\fasterxml\jackson\core\jackson-annotations\2.13.3\jackson-annotations-2.13.3.jar;C:\Users\mouns\.m2\repository\com\fasterxml\jackson\core\jackson-core\2.13.3\jackson-core-2.13.3.jar;C:\Users\mouns\.m2\repository\org\apache\logging\log4j\log4j-api\2.17.1\log4j-api-2.17.1.jar;C:\Users\mouns\.m2\repository\org\apache\logging\log4j\log4j-core\2.17.1\log4j-core-2.17.1.jar;C:\Users\mouns\.m2\repository\org\apache\logging\log4j\log4j-slf4j-impl\2.17.1\log4j-slf4j-impl-2.17.1.jar;C:\Users\mouns\.m2\repository\org\slf4j\slf4j-api\1.7.25\slf4j-api-1.7.25.jar;C:\Users\mouns\.m2\repository\de\jensd\fontawesomefx-fontawesome\4.7.0-9.1.2\fontawesomefx-fontawesome-4.7.0-9.1.2.jar;C:\Users\mouns\.m2\repository\de\jensd\fontawesomefx-commons\9.1.2\fontawesomefx-commons-9.1.2.jar;C:\Users\mouns\.m2\repository\com\itextpdf\barcodes\7.2.6\barcodes-7.2.6.jar;C:\Users\mouns\.m2\repository\com\itextpdf\font-asian\7.2.6\font-asian-7.2.6.jar;C:\Users\mouns\.m2\repository\com\itextpdf\forms\7.2.6\forms-7.2.6.jar;C:\Users\mouns\.m2\repository\com\itextpdf\hyph\7.2.6\hyph-7.2.6.jar;C:\Users\mouns\.m2\repository\com\itextpdf\io\7.2.6\io-7.2.6.jar;C:\Users\mouns\.m2\repository\com\itextpdf\kernel\7.2.6\kernel-7.2.6.jar;C:\Users\mouns\.m2\repository\com\itextpdf\layout\7.2.6\layout-7.2.6.jar;C:\Users\mouns\.m2\repository\com\itextpdf\pdfa\7.2.6\pdfa-7.2.6.jar;C:\Users\mouns\.m2\repository\com\itextpdf\sign\7.2.6\sign-7.2.6.jar;C:\Users\mouns\.m2\repository\com\itextpdf\styled-xml-parser\7.2.6\styled-xml-parser-7.2.6.jar;C:\Users\mouns\.m2\repository\com\itextpdf\svg\7.2.6\svg-7.2.6.jar;C:\Users\mouns\.m2\repository\com\itextpdf\bouncy-castle-adapter\8.0.5\bouncy-castle-adapter-8.0.5.jar;C:\Users\mouns\.m2\repository\org\bouncycastle\bcpkix-jdk18on\1.78\bcpkix-jdk18on-1.78.jar;C:\Users\mouns\.m2\repository\org\bouncycastle\bcutil-jdk18on\1.78\bcutil-jdk18on-1.78.jar;C:\Users\mouns\.m2\repository\com\itextpdf\commons\8.0.5\commons-8.0.5.jar;C:\Users\mouns\.m2\repository\org\bouncycastle\bcprov-jdk18on\1.78.1\bcprov-jdk18on-1.78.1.jar;C:\Users\mouns\.m2\repository\org\slf4j\slf4j-simple\2.0.13\slf4j-simple-2.0.13.jar;C:\Users\mouns\.m2\repository\org\junit\jupiter\junit-jupiter-api\5.8.2\junit-jupiter-api-5.8.2.jar;C:\Users\mouns\.m2\repository\org\opentest4j\opentest4j\1.2.0\opentest4j-1.2.0.jar;C:\Users\mouns\.m2\repository\org\junit\platform\junit-platform-commons\1.8.2\junit-platform-commons-1.8.2.jar;C:\Users\mouns\.m2\repository\org\apiguardian\apiguardian-api\1.1.2\apiguardian-api-1.1.2.jar;C:\Users\mouns\.m2\repository\org\junit\jupiter\junit-jupiter-engine\5.8.2\junit-jupiter-engine-5.8.2.jar;C:\Users\mouns\.m2\repository\org\junit\platform\junit-platform-engine\1.8.2\junit-platform-engine-1.8.2.jar;C:\Users\mouns\.m2\repository\org\mockito\mockito-core\4.5.1\mockito-core-4.5.1.jar;C:\Users\mouns\.m2\repository\net\bytebuddy\byte-buddy\1.12.9\byte-buddy-1.12.9.jar;C:\Users\mouns\.m2\repository\net\bytebuddy\byte-buddy-agent\1.12.9\byte-buddy-agent-1.12.9.jar;C:\Users\mouns\.m2\repository\org\objenesis\objenesis\3.2\objenesis-3.2.jar;C:\Users\mouns\.m2\repository\org\mockito\mockito-junit-jupiter\4.5.1\mockito-junit-jupiter-4.5.1.jar;"/>
    <property name="java.vm.vendor" value="Oracle Corporation"/>
    <property name="sun.arch.data.model" value="64"/>
    <property name="user.variant" value=""/>
    <property name="java.vendor.url" value="https://java.oracle.com/"/>
    <property name="user.timezone" value="Europe/Berlin"/>
    <property name="os.name" value="Windows 11"/>
    <property name="java.vm.specification.version" value="19"/>
    <property name="sun.java.launcher" value="SUN_STANDARD"/>
    <property name="user.country" value="DE"/>
    <property name="sun.boot.library.path" value="C:\Users\mouns\scoop\apps\openjdk\current\bin"/>
    <property name="sun.java.command" value="C:\Users\mouns\AppData\Local\Temp\surefire4818379683557030345\surefirebooter-20250907152827773_3.jar C:\Users\mouns\AppData\Local\Temp\surefire4818379683557030345 2025-09-07T15-28-27_375-jvmRun1 surefire-20250907152827773_1tmp surefire_0-20250907152827773_2tmp"/>
    <property name="jdk.debug" value="release"/>
    <property name="surefire.test.class.path" value="C:\Users\mouns\Bachelorarbeit_Projekt\Projekt\ExamBuilder\target\test-classes;C:\Users\mouns\Bachelorarbeit_Projekt\Projekt\ExamBuilder\target\classes;C:\Users\mouns\.m2\repository\org\openjfx\javafx-controls\19\javafx-controls-19.jar;C:\Users\mouns\.m2\repository\org\openjfx\javafx-controls\19\javafx-controls-19-win.jar;C:\Users\mouns\.m2\repository\org\openjfx\javafx-graphics\19\javafx-graphics-19.jar;C:\Users\mouns\.m2\repository\org\openjfx\javafx-graphics\19\javafx-graphics-19-win.jar;C:\Users\mouns\.m2\repository\org\openjfx\javafx-base\19\javafx-base-19.jar;C:\Users\mouns\.m2\repository\org\openjfx\javafx-base\19\javafx-base-19-win.jar;C:\Users\mouns\.m2\repository\org\openjfx\javafx-fxml\19\javafx-fxml-19.jar;C:\Users\mouns\.m2\repository\org\openjfx\javafx-fxml\19\javafx-fxml-19-win.jar;C:\Users\mouns\.m2\repository\org\controlsfx\controlsfx\11.1.2\controlsfx-11.1.2.jar;C:\Users\mouns\.m2\repository\org\apache\poi\poi-ooxml\5.2.2\poi-ooxml-5.2.2.jar;C:\Users\mouns\.m2\repository\org\apache\poi\poi\5.2.2\poi-5.2.2.jar;C:\Users\mouns\.m2\repository\commons-codec\commons-codec\1.15\commons-codec-1.15.jar;C:\Users\mouns\.m2\repository\org\apache\commons\commons-math3\3.6.1\commons-math3-3.6.1.jar;C:\Users\mouns\.m2\repository\com\zaxxer\SparseBitSet\1.2\SparseBitSet-1.2.jar;C:\Users\mouns\.m2\repository\org\apache\poi\poi-ooxml-lite\5.2.2\poi-ooxml-lite-5.2.2.jar;C:\Users\mouns\.m2\repository\org\apache\xmlbeans\xmlbeans\5.0.3\xmlbeans-5.0.3.jar;C:\Users\mouns\.m2\repository\org\apache\commons\commons-compress\1.21\commons-compress-1.21.jar;C:\Users\mouns\.m2\repository\commons-io\commons-io\2.11.0\commons-io-2.11.0.jar;C:\Users\mouns\.m2\repository\com\github\virtuald\curvesapi\1.07\curvesapi-1.07.jar;C:\Users\mouns\.m2\repository\org\apache\commons\commons-collections4\4.4\commons-collections4-4.4.jar;C:\Users\mouns\.m2\repository\com\fasterxml\jackson\core\jackson-databind\2.13.3\jackson-databind-2.13.3.jar;C:\Users\mouns\.m2\repository\com\fasterxml\jackson\core\jackson-annotations\2.13.3\jackson-annotations-2.13.3.jar;C:\Users\mouns\.m2\repository\com\fasterxml\jackson\core\jackson-core\2.13.3\jackson-core-2.13.3.jar;C:\Users\mouns\.m2\repository\org\apache\logging\log4j\log4j-api\2.17.1\log4j-api-2.17.1.jar;C:\Users\mouns\.m2\repository\org\apache\logging\log4j\log4j-core\2.17.1\log4j-core-2.17.1.jar;C:\Users\mouns\.m2\repository\org\apache\logging\log4j\log4j-slf4j-impl\2.17.1\log4j-slf4j-impl-2.17.1.jar;C:\Users\mouns\.m2\repository\org\slf4j\slf4j-api\1.7.25\slf4j-api-1.7.25.jar;C:\Users\mouns\.m2\repository\de\jensd\fontawesomefx-fontawesome\4.7.0-9.1.2\fontawesomefx-fontawesome-4.7.0-9.1.2.jar;C:\Users\mouns\.m2\repository\de\jensd\fontawesomefx-commons\9.1.2\fontawesomefx-commons-9.1.2.jar;C:\Users\mouns\.m2\repository\com\itextpdf\barcodes\7.2.6\barcodes-7.2.6.jar;C:\Users\mouns\.m2\repository\com\itextpdf\font-asian\7.2.6\font-asian-7.2.6.jar;C:\Users\mouns\.m2\repository\com\itextpdf\forms\7.2.6\forms-7.2.6.jar;C:\Users\mouns\.m2\repository\com\itextpdf\hyph\7.2.6\hyph-7.2.6.jar;C:\Users\mouns\.m2\repository\com\itextpdf\io\7.2.6\io-7.2.6.jar;C:\Users\mouns\.m2\repository\com\itextpdf\kernel\7.2.6\kernel-7.2.6.jar;C:\Users\mouns\.m2\repository\com\itextpdf\layout\7.2.6\layout-7.2.6.jar;C:\Users\mouns\.m2\repository\com\itextpdf\pdfa\7.2.6\pdfa-7.2.6.jar;C:\Users\mouns\.m2\repository\com\itextpdf\sign\7.2.6\sign-7.2.6.jar;C:\Users\mouns\.m2\repository\com\itextpdf\styled-xml-parser\7.2.6\styled-xml-parser-7.2.6.jar;C:\Users\mouns\.m2\repository\com\itextpdf\svg\7.2.6\svg-7.2.6.jar;C:\Users\mouns\.m2\repository\com\itextpdf\bouncy-castle-adapter\8.0.5\bouncy-castle-adapter-8.0.5.jar;C:\Users\mouns\.m2\repository\org\bouncycastle\bcpkix-jdk18on\1.78\bcpkix-jdk18on-1.78.jar;C:\Users\mouns\.m2\repository\org\bouncycastle\bcutil-jdk18on\1.78\bcutil-jdk18on-1.78.jar;C:\Users\mouns\.m2\repository\com\itextpdf\commons\8.0.5\commons-8.0.5.jar;C:\Users\mouns\.m2\repository\org\bouncycastle\bcprov-jdk18on\1.78.1\bcprov-jdk18on-1.78.1.jar;C:\Users\mouns\.m2\repository\org\slf4j\slf4j-simple\2.0.13\slf4j-simple-2.0.13.jar;C:\Users\mouns\.m2\repository\org\junit\jupiter\junit-jupiter-api\5.8.2\junit-jupiter-api-5.8.2.jar;C:\Users\mouns\.m2\repository\org\opentest4j\opentest4j\1.2.0\opentest4j-1.2.0.jar;C:\Users\mouns\.m2\repository\org\junit\platform\junit-platform-commons\1.8.2\junit-platform-commons-1.8.2.jar;C:\Users\mouns\.m2\repository\org\apiguardian\apiguardian-api\1.1.2\apiguardian-api-1.1.2.jar;C:\Users\mouns\.m2\repository\org\junit\jupiter\junit-jupiter-engine\5.8.2\junit-jupiter-engine-5.8.2.jar;C:\Users\mouns\.m2\repository\org\junit\platform\junit-platform-engine\1.8.2\junit-platform-engine-1.8.2.jar;C:\Users\mouns\.m2\repository\org\mockito\mockito-core\4.5.1\mockito-core-4.5.1.jar;C:\Users\mouns\.m2\repository\net\bytebuddy\byte-buddy\1.12.9\byte-buddy-1.12.9.jar;C:\Users\mouns\.m2\repository\net\bytebuddy\byte-buddy-agent\1.12.9\byte-buddy-agent-1.12.9.jar;C:\Users\mouns\.m2\repository\org\objenesis\objenesis\3.2\objenesis-3.2.jar;C:\Users\mouns\.m2\repository\org\mockito\mockito-junit-jupiter\4.5.1\mockito-junit-jupiter-4.5.1.jar;"/>
    <property name="sun.cpu.endian" value="little"/>
    <property name="user.home" value="C:\Users\mouns"/>
    <property name="user.language" value="de"/>
    <property name="java.specification.vendor" value="Oracle Corporation"/>
    <property name="java.version.date" value="2022-09-20"/>
    <property name="java.home" value="C:\Users\mouns\scoop\apps\openjdk\current"/>
    <property name="file.separator" value="\"/>
    <property name="basedir" value="C:\Users\mouns\Bachelorarbeit_Projekt\Projekt\ExamBuilder"/>
    <property name="java.vm.compressedOopsMode" value="Zero based"/>
    <property name="line.separator" value="&#10;"/>
    <property name="java.vm.specification.vendor" value="Oracle Corporation"/>
    <property name="java.specification.name" value="Java Platform API Specification"/>
    <property name="surefire.real.class.path" value="C:\Users\mouns\AppData\Local\Temp\surefire4818379683557030345\surefirebooter-20250907152827773_3.jar"/>
    <property name="user.script" value=""/>
    <property name="sun.management.compiler" value="HotSpot 64-Bit Tiered Compilers"/>
    <property name="java.runtime.version" value="19+36-2238"/>
    <property name="user.name" value="mouns"/>
    <property name="stdout.encoding" value="Cp1252"/>
    <property name="path.separator" value=";"/>
    <property name="os.version" value="10.0"/>
    <property name="java.runtime.name" value="OpenJDK Runtime Environment"/>
    <property name="file.encoding" value="UTF-8"/>
    <property name="java.vm.name" value="OpenJDK 64-Bit Server VM"/>
    <property name="localRepository" value="C:\Users\mouns\.m2\repository"/>
    <property name="java.vendor.url.bug" value="https://bugreport.java.com/bugreport/"/>
    <property name="java.io.tmpdir" value="C:\Users\mouns\AppData\Local\Temp\"/>
    <property name="java.version" value="19"/>
    <property name="user.dir" value="C:\Users\mouns\Bachelorarbeit_Projekt\Projekt\ExamBuilder"/>
    <property name="os.arch" value="amd64"/>
    <property name="java.vm.specification.name" value="Java Virtual Machine Specification"/>
    <property name="sun.os.patch.level" value=""/>
    <property name="native.encoding" value="Cp1252"/>
    <property name="java.library.path" value="C:\Users\mouns\scoop\apps\openjdk\current\bin;C:\Windows\Sun\Java\bin;C:\Windows\system32;C:\Windows;C:\Program Files\Common Files\Oracle\Java\javapath;C:\Windows\system32;C:\Windows;C:\Windows\System32\Wbem;C:\Windows\System32\WindowsPowerShell\v1.0\;C:\Windows\System32\OpenSSH\;C:\Program Files\Git\cmd;C:\Program Files\MATLAB\R2024a\runtime\win64;C:\Program Files\MATLAB\R2024a\bin;C:\Program Files\PuTTY\;C:\Program Files\apache-maven-3.9.9-src\apache-maven-3.9.9\apache-maven\src\bin;%NVM_HOME%;%NVM_SYMLINK%;C:\Program Files\PowerShell\7\;C:\Program Files\Docker\Docker\resources\bin;C:\Users\mouns\scoop\apps\maven\current\bin;C:\Users\mouns\scoop\apps\openjdk\current\bin;C:\Users\mouns\scoop\shims;C:\Users\mouns\AppData\Local\Microsoft\WindowsApps;C:\Users\mouns\AppData\Local\Programs\Microsoft VS Code\bin;C:\Users\mouns\AppData\Local\Programs\Python\Python311\Scripts;C:\cygwin64\bin;C:\Program Files\JetBrains\IntelliJ IDEA 2023.2.3\bin;C:\Program Files\JetBrains\IntelliJ IDEA Community Edition 2023.2.3\bin;C:\Program Files\JetBrains\DataSpell 2023.2.3\bin;C:\Users\mouns\AppData\Roaming\npm;C:\msys64\ucrt64\bin;C:\Users\mouns\AppData\Local\nvm;C:\nvm4w\nodejs;."/>
    <property name="java.vm.info" value="mixed mode, sharing"/>
    <property name="stderr.encoding" value="Cp1252"/>
    <property name="java.vendor" value="Oracle Corporation"/>
    <property name="java.vm.version" value="19+36-2238"/>
    <property name="sun.io.unicode.encoding" value="UnicodeLittle"/>
    <property name="java.class.version" value="63.0"/>
  </properties>
  <testcase name="testGetPointsWithoutSubQuestions" classname="model.QuestionTest" time="0.0"/>
  <testcase name="testAddSubQuestion" classname="model.QuestionTest" time="0.002"/>
  <testcase name="testGetPointsWithSubQuestions" classname="model.QuestionTest" time="0.003"/>
  <testcase name="testSetters" classname="model.QuestionTest" time="0.002"/>
  <testcase name="testQuestionConstructorAndGetters" classname="model.QuestionTest" time="0.006"/>
</testsuite>